[0921/065654.075:INFO:CONSOLE(140)] "Event handler of 'x-storagemutated-1' event must be added on the initial evaluation of worker script.", source: https://static.whatsapp.net/rsrc.php/v3/yP/r/1BZ8MhYlZb_.js?_nc_x=Ij3Wp8lg5Kz (140)
[0921/065654.257:INFO:CONSOLE(0)] "Error with Permissions-Policy header: Feature xr-spatial-tracking's parameters are ignored.", source:  (0)
[0921/065654.258:INFO:CONSOLE(0)] "Error with Permissions-Policy header: Origin trial controlled feature not enabled: 'attribution-reporting'.", source:  (0)
[0921/065654.258:INFO:CONSOLE(0)] "Error with Permissions-Policy header: Unrecognized feature: 'compute-pressure'.", source:  (0)
[0921/065654.273:INFO:CONSOLE(0)] "Error with Permissions-Policy header: Origin trial controlled feature not enabled: 'interest-cohort'.", source:  (0)
[0921/065654.273:INFO:CONSOLE(0)] "Error with Permissions-Policy header: Unrecognized feature: 'private-state-token-issuance'.", source:  (0)
[0921/065654.273:INFO:CONSOLE(0)] "Error with Permissions-Policy header: Origin trial controlled feature not enabled: 'shared-storage'.", source:  (0)
[0921/065654.273:INFO:CONSOLE(0)] "Error with Permissions-Policy header: Unrecognized feature: 'shared-storage-select-url'.", source:  (0)
[0921/065654.273:INFO:CONSOLE(0)] "Error with Permissions-Policy header: Unrecognized feature: 'private-state-token-redemption'.", source:  (0)
[0921/065654.274:INFO:CONSOLE(0)] "Error with Permissions-Policy header: Unrecognized feature: 'unload'.", source:  (0)
[0921/065654.274:INFO:CONSOLE(0)] "Error with Permissions-Policy header: Unrecognized feature: 'window-management'.", source:  (0)
[0921/065656.443:INFO:CONSOLE(343)] "WAWebLoggerWorker initialized", source: https://static.whatsapp.net/rsrc.php/v3/yS/r/Rz1O0wm9Obi.js?_nc_x=Ij3Wp8lg5Kz (343)
[0921/065656.531:INFO:CONSOLE(343)] "[storage] start setSchemaVersions from fts worker interface", source: https://static.whatsapp.net/rsrc.php/v3/yS/r/Rz1O0wm9Obi.js?_nc_x=Ij3Wp8lg5Kz (343)
[0921/065656.531:INFO:CONSOLE(343)] "[storage] set schema versions: [model-storage,159,fts-storage,8,jobs-storage,1,lru-media-storage-idb,2,offd-storage,4,qpl-storage,0,signal-storage,6,worker-storage,1,sw,2,wawc,14,wawc_db_enc,2]. is worker? true", source: https://static.whatsapp.net/rsrc.php/v3/yS/r/Rz1O0wm9Obi.js?_nc_x=Ij3Wp8lg5Kz (343)
[0921/065703.013:INFO:CONSOLE(343)] "FTS:Delegate: start indexer", source: https://static.whatsapp.net/rsrc.php/v3/yS/r/Rz1O0wm9Obi.js?_nc_x=Ij3Wp8lg5Kz (343)
[0921/065703.020:INFO:CONSOLE(343)] "FTS:Delegate: start perform init", source: https://static.whatsapp.net/rsrc.php/v3/yS/r/Rz1O0wm9Obi.js?_nc_x=Ij3Wp8lg5Kz (343)
[0921/065703.020:INFO:CONSOLE(343)] "FTS:Delegate: schema versions ready", source: https://static.whatsapp.net/rsrc.php/v3/yS/r/Rz1O0wm9Obi.js?_nc_x=Ij3Wp8lg5Kz (343)
[0921/065703.021:INFO:CONSOLE(343)] "FTS:Delegate: before db initialization", source: https://static.whatsapp.net/rsrc.php/v3/yS/r/Rz1O0wm9Obi.js?_nc_x=Ij3Wp8lg5Kz (343)
[0921/065703.021:INFO:CONSOLE(343)] "[storage] applying schema versions from [0 to 8] for the database: 'fts-storage'", source: https://static.whatsapp.net/rsrc.php/v3/yS/r/Rz1O0wm9Obi.js?_nc_x=Ij3Wp8lg5Kz (343)
[0921/065703.171:INFO:CONSOLE(343)] "[storage] applying schema versions from [0 to 159] for the database: 'model-storage'", source: https://static.whatsapp.net/rsrc.php/v3/yS/r/Rz1O0wm9Obi.js?_nc_x=Ij3Wp8lg5Kz (343)
[0921/065708.625:INFO:CONSOLE(343)] "FTS:Delegate: after db initialization", source: https://static.whatsapp.net/rsrc.php/v3/yS/r/Rz1O0wm9Obi.js?_nc_x=Ij3Wp8lg5Kz (343)
[0921/065708.634:INFO:CONSOLE(343)] "FTS:Manifest Writer: No changes made, current:['3.1', '1'], latest:['3.1', '1']", source: https://static.whatsapp.net/rsrc.php/v3/yS/r/Rz1O0wm9Obi.js?_nc_x=Ij3Wp8lg5Kz (343)
[0921/065708.635:INFO:CONSOLE(343)] "FTS:Delegate: Inited", source: https://static.whatsapp.net/rsrc.php/v3/yS/r/Rz1O0wm9Obi.js?_nc_x=Ij3Wp8lg5Kz (343)
[0921/065708.636:INFO:CONSOLE(343)] "FTS:Delegate: Init indexing ops", source: https://static.whatsapp.net/rsrc.php/v3/yS/r/Rz1O0wm9Obi.js?_nc_x=Ij3Wp8lg5Kz (343)
[0921/065708.664:INFO:CONSOLE(343)] "FTS:Indexer:indexQueuedBatch: Starting new batch size : 1000", source: https://static.whatsapp.net/rsrc.php/v3/yS/r/Rz1O0wm9Obi.js?_nc_x=Ij3Wp8lg5Kz (343)
[0921/065708.667:INFO:CONSOLE(343)] "FTS:Indexer:indexQueuedBatch: Completed", source: https://static.whatsapp.net/rsrc.php/v3/yS/r/Rz1O0wm9Obi.js?_nc_x=Ij3Wp8lg5Kz (343)
[0921/065913.806:INFO:CONSOLE(343)] "FTS:Indexer:indexQueuedBatch: Starting new batch size : 1000", source: https://static.whatsapp.net/rsrc.php/v3/yS/r/Rz1O0wm9Obi.js?_nc_x=Ij3Wp8lg5Kz (343)
[0921/065913.826:INFO:CONSOLE(343)] "FTS:Indexer:indexQueuedBatch: Completed batch", source: https://static.whatsapp.net/rsrc.php/v3/yS/r/Rz1O0wm9Obi.js?_nc_x=Ij3Wp8lg5Kz (343)
[0921/065913.828:INFO:CONSOLE(343)] "FTS:Indexer:indexQueuedBatch: Completed", source: https://static.whatsapp.net/rsrc.php/v3/yS/r/Rz1O0wm9Obi.js?_nc_x=Ij3Wp8lg5Kz (343)
[0921/065914.034:INFO:CONSOLE(343)] "FTS:Indexer:indexQueuedBatch: Starting new batch size : 1000", source: https://static.whatsapp.net/rsrc.php/v3/yS/r/Rz1O0wm9Obi.js?_nc_x=Ij3Wp8lg5Kz (343)
[0921/065914.291:INFO:CONSOLE(343)] "FTS:Indexer:indexQueuedBatch: Completed batch", source: https://static.whatsapp.net/rsrc.php/v3/yS/r/Rz1O0wm9Obi.js?_nc_x=Ij3Wp8lg5Kz (343)
[0921/065914.292:INFO:CONSOLE(343)] "FTS:Indexer:indexQueuedBatch: Completed", source: https://static.whatsapp.net/rsrc.php/v3/yS/r/Rz1O0wm9Obi.js?_nc_x=Ij3Wp8lg5Kz (343)
[0921/065914.295:INFO:CONSOLE(343)] "FTS:Indexer:indexQueuedBatch: Starting new batch size : 1000", source: https://static.whatsapp.net/rsrc.php/v3/yS/r/Rz1O0wm9Obi.js?_nc_x=Ij3Wp8lg5Kz (343)
[0921/065914.387:INFO:CONSOLE(343)] "FTS:Indexer:indexQueuedBatch: Completed batch", source: https://static.whatsapp.net/rsrc.php/v3/yS/r/Rz1O0wm9Obi.js?_nc_x=Ij3Wp8lg5Kz (343)
[0921/065914.387:INFO:CONSOLE(343)] "FTS:Indexer:indexQueuedBatch: Completed", source: https://static.whatsapp.net/rsrc.php/v3/yS/r/Rz1O0wm9Obi.js?_nc_x=Ij3Wp8lg5Kz (343)
[0921/065914.895:INFO:CONSOLE(140)] "Event handler of 'x-storagemutated-1' event must be added on the initial evaluation of worker script.", source: https://static.whatsapp.net/rsrc.php/v3/yP/r/1BZ8MhYlZb_.js?_nc_x=Ij3Wp8lg5Kz (140)
[0921/065918.511:INFO:CONSOLE(343)] "FTS:Indexer:indexQueuedBatch: Starting new batch size : 1000", source: https://static.whatsapp.net/rsrc.php/v3/yS/r/Rz1O0wm9Obi.js?_nc_x=Ij3Wp8lg5Kz (343)
[0921/065918.519:INFO:CONSOLE(343)] "FTS:Indexer:indexQueuedBatch: Completed batch", source: https://static.whatsapp.net/rsrc.php/v3/yS/r/Rz1O0wm9Obi.js?_nc_x=Ij3Wp8lg5Kz (343)
[0921/065918.521:INFO:CONSOLE(343)] "FTS:Indexer:indexQueuedBatch: Completed", source: https://static.whatsapp.net/rsrc.php/v3/yS/r/Rz1O0wm9Obi.js?_nc_x=Ij3Wp8lg5Kz (343)
[0921/065927.246:INFO:CONSOLE(343)] "FTS:Indexer:indexQueuedBatch: Starting new batch size : 1000", source: https://static.whatsapp.net/rsrc.php/v3/yS/r/Rz1O0wm9Obi.js?_nc_x=Ij3Wp8lg5Kz (343)
[0921/065927.305:INFO:CONSOLE(343)] "FTS:Indexer:indexQueuedBatch: Completed batch", source: https://static.whatsapp.net/rsrc.php/v3/yS/r/Rz1O0wm9Obi.js?_nc_x=Ij3Wp8lg5Kz (343)
[0921/065927.306:INFO:CONSOLE(343)] "FTS:Indexer:indexQueuedBatch: Completed", source: https://static.whatsapp.net/rsrc.php/v3/yS/r/Rz1O0wm9Obi.js?_nc_x=Ij3Wp8lg5Kz (343)
[0921/065942.940:INFO:CONSOLE(343)] "FTS:Indexer:indexQueuedBatch: Starting new batch size : 1000", source: https://static.whatsapp.net/rsrc.php/v3/yS/r/Rz1O0wm9Obi.js?_nc_x=Ij3Wp8lg5Kz (343)
[0921/065942.940:INFO:CONSOLE(343)] "FTS:Indexer:indexQueuedBatch: Completed batch", source: https://static.whatsapp.net/rsrc.php/v3/yS/r/Rz1O0wm9Obi.js?_nc_x=Ij3Wp8lg5Kz (343)
[0921/065942.940:INFO:CONSOLE(343)] "FTS:Indexer:indexQueuedBatch: Completed", source: https://static.whatsapp.net/rsrc.php/v3/yS/r/Rz1O0wm9Obi.js?_nc_x=Ij3Wp8lg5Kz (343)
[0921/065943.053:INFO:CONSOLE(343)] "FTS:Indexer:indexQueuedBatch: Starting new batch size : 1000", source: https://static.whatsapp.net/rsrc.php/v3/yS/r/Rz1O0wm9Obi.js?_nc_x=Ij3Wp8lg5Kz (343)
[0921/065943.123:INFO:CONSOLE(343)] "FTS:Indexer:indexQueuedBatch: Completed batch", source: https://static.whatsapp.net/rsrc.php/v3/yS/r/Rz1O0wm9Obi.js?_nc_x=Ij3Wp8lg5Kz (343)
[0921/065943.124:INFO:CONSOLE(343)] "FTS:Indexer:indexQueuedBatch: Completed", source: https://static.whatsapp.net/rsrc.php/v3/yS/r/Rz1O0wm9Obi.js?_nc_x=Ij3Wp8lg5Kz (343)
[0921/065943.682:INFO:CONSOLE(343)] "FTS:Indexer:indexQueuedBatch: Starting new batch size : 1000", source: https://static.whatsapp.net/rsrc.php/v3/yS/r/Rz1O0wm9Obi.js?_nc_x=Ij3Wp8lg5Kz (343)
[0921/065943.731:INFO:CONSOLE(343)] "FTS:Indexer:indexQueuedBatch: Completed batch", source: https://static.whatsapp.net/rsrc.php/v3/yS/r/Rz1O0wm9Obi.js?_nc_x=Ij3Wp8lg5Kz (343)
[0921/065943.734:INFO:CONSOLE(343)] "FTS:Indexer:indexQueuedBatch: Completed", source: https://static.whatsapp.net/rsrc.php/v3/yS/r/Rz1O0wm9Obi.js?_nc_x=Ij3Wp8lg5Kz (343)
[0921/070001.981:INFO:CONSOLE(343)] "FTS:Indexer:indexQueuedBatch: Starting new batch size : 1000", source: https://static.whatsapp.net/rsrc.php/v3/yS/r/Rz1O0wm9Obi.js?_nc_x=Ij3Wp8lg5Kz (343)
[0921/070001.981:INFO:CONSOLE(343)] "FTS:Indexer:indexQueuedBatch: Completed batch", source: https://static.whatsapp.net/rsrc.php/v3/yS/r/Rz1O0wm9Obi.js?_nc_x=Ij3Wp8lg5Kz (343)
[0921/070001.981:INFO:CONSOLE(343)] "FTS:Indexer:indexQueuedBatch: Completed", source: https://static.whatsapp.net/rsrc.php/v3/yS/r/Rz1O0wm9Obi.js?_nc_x=Ij3Wp8lg5Kz (343)
[0921/070002.470:INFO:CONSOLE(343)] "FTS:Indexer:indexQueuedBatch: Starting new batch size : 1000", source: https://static.whatsapp.net/rsrc.php/v3/yS/r/Rz1O0wm9Obi.js?_nc_x=Ij3Wp8lg5Kz (343)
[0921/070002.509:INFO:CONSOLE(343)] "FTS:Indexer:indexQueuedBatch: Completed batch", source: https://static.whatsapp.net/rsrc.php/v3/yS/r/Rz1O0wm9Obi.js?_nc_x=Ij3Wp8lg5Kz (343)
[0921/070002.516:INFO:CONSOLE(343)] "FTS:Indexer:indexQueuedBatch: Completed", source: https://static.whatsapp.net/rsrc.php/v3/yS/r/Rz1O0wm9Obi.js?_nc_x=Ij3Wp8lg5Kz (343)
[0921/070007.527:INFO:CONSOLE(343)] "FTS:Indexer:indexQueuedBatch: Starting new batch size : 1000", source: https://static.whatsapp.net/rsrc.php/v3/yS/r/Rz1O0wm9Obi.js?_nc_x=Ij3Wp8lg5Kz (343)
[0921/070007.621:INFO:CONSOLE(343)] "FTS:Indexer:indexQueuedBatch: Completed batch", source: https://static.whatsapp.net/rsrc.php/v3/yS/r/Rz1O0wm9Obi.js?_nc_x=Ij3Wp8lg5Kz (343)
[0921/070007.622:INFO:CONSOLE(343)] "FTS:Indexer:indexQueuedBatch: Completed", source: https://static.whatsapp.net/rsrc.php/v3/yS/r/Rz1O0wm9Obi.js?_nc_x=Ij3Wp8lg5Kz (343)
[0921/080710.458:INFO:CONSOLE(343)] "App reconnected to chatd, during same session", source: https://static.whatsapp.net/rsrc.php/v3/yS/r/Rz1O0wm9Obi.js?_nc_x=Ij3Wp8lg5Kz (343)
[0921/080722.713:INFO:CONSOLE(140)] "Event handler of 'x-storagemutated-1' event must be added on the initial evaluation of worker script.", source: https://static.whatsapp.net/rsrc.php/v3/yP/r/1BZ8MhYlZb_.js?_nc_x=Ij3Wp8lg5Kz (140)
[0921/082443.145:INFO:CONSOLE(343)] "App reconnected to chatd, during same session", source: https://static.whatsapp.net/rsrc.php/v3/yS/r/Rz1O0wm9Obi.js?_nc_x=Ij3Wp8lg5Kz (343)
[0921/082722.213:INFO:CONSOLE(140)] "Event handler of 'x-storagemutated-1' event must be added on the initial evaluation of worker script.", source: https://static.whatsapp.net/rsrc.php/v3/yP/r/1BZ8MhYlZb_.js?_nc_x=Ij3Wp8lg5Kz (140)
[0921/233254.773:INFO:CONSOLE(140)] "Event handler of 'x-storagemutated-1' event must be added on the initial evaluation of worker script.", source: https://static.whatsapp.net/rsrc.php/v3/yP/r/1BZ8MhYlZb_.js?_nc_x=Ij3Wp8lg5Kz (140)
[0921/233329.020:INFO:CONSOLE(140)] "Event handler of 'x-storagemutated-1' event must be added on the initial evaluation of worker script.", source: https://static.whatsapp.net/rsrc.php/v3/yP/r/1BZ8MhYlZb_.js?_nc_x=Ij3Wp8lg5Kz (140)
[0921/233413.877:INFO:CONSOLE(343)] "App reconnected to chatd, during same session", source: https://static.whatsapp.net/rsrc.php/v3/yS/r/Rz1O0wm9Obi.js?_nc_x=Ij3Wp8lg5Kz (343)
[0921/233416.727:INFO:CONSOLE(140)] "Event handler of 'x-storagemutated-1' event must be added on the initial evaluation of worker script.", source: https://static.whatsapp.net/rsrc.php/v3/yP/r/1BZ8MhYlZb_.js?_nc_x=Ij3Wp8lg5Kz (140)
[0921/234710.982:INFO:CONSOLE(343)] "App reconnected to chatd, during same session", source: https://static.whatsapp.net/rsrc.php/v3/yS/r/Rz1O0wm9Obi.js?_nc_x=Ij3Wp8lg5Kz (343)
[0921/235007.284:WARNING:dns_config_service_win.cc(584)] Failed to read DnsConfig.
[0921/235012.312:WARNING:dns_config_service_win.cc(584)] Failed to read DnsConfig.
[0921/235016.611:WARNING:dns_config_service_win.cc(584)] Failed to read DnsConfig.
[0921/235021.633:WARNING:dns_config_service_win.cc(584)] Failed to read DnsConfig.
[0921/235035.083:INFO:CONSOLE(343)] "App reconnected to chatd, during same session", source: https://static.whatsapp.net/rsrc.php/v3/yS/r/Rz1O0wm9Obi.js?_nc_x=Ij3Wp8lg5Kz (343)
[0921/235052.034:INFO:CONSOLE(140)] "Event handler of 'x-storagemutated-1' event must be added on the initial evaluation of worker script.", source: https://static.whatsapp.net/rsrc.php/v3/yP/r/1BZ8MhYlZb_.js?_nc_x=Ij3Wp8lg5Kz (140)
[0922/065335.612:INFO:CONSOLE(340)] "Failed to parse video contentType: video/mp4; codecs=avc1.42000a", source: https://static.whatsapp.net/rsrc.php/v3iHCc4/yD/l/rt/n7e9PxMtOEC.js?_nc_x=Ij3Wp8lg5Kz (340)
[0922/065335.644:INFO:CONSOLE(340)] "Failed to parse video contentType: video/mp4; codecs=hev1.1.6.L93.B0", source: https://static.whatsapp.net/rsrc.php/v3iHCc4/yD/l/rt/n7e9PxMtOEC.js?_nc_x=Ij3Wp8lg5Kz (340)
[0922/065354.609:WARNING:dns_config_service_win.cc(584)] Failed to read DnsConfig.
[0922/065356.374:INFO:CONSOLE(140)] "Event handler of 'x-storagemutated-1' event must be added on the initial evaluation of worker script.", source: https://static.whatsapp.net/rsrc.php/v3/yP/r/1BZ8MhYlZb_.js?_nc_x=Ij3Wp8lg5Kz (140)
[0922/065359.630:WARNING:dns_config_service_win.cc(584)] Failed to read DnsConfig.
[0922/065409.644:WARNING:dns_config_service_win.cc(584)] Failed to read DnsConfig.
[0922/065429.657:WARNING:dns_config_service_win.cc(584)] Failed to read DnsConfig.
